生成启动时间为 2017/12/23 1:27:43。
     1>项目“F:\buaa\编译\c0_compiler\c0_compiler\c0_compiler.vcxproj”在节点 2 上(build 个目标)。
     1>InitializeBuildStatus:
         正在创建“Debug\c0_compiler.unsuccessfulbuild”，因为已指定“AlwaysCreate”。
       ClCompile:
         C:\Program Files (x86)\Microsoft Visual Studio 10.0\VC\bin\CL.exe /c /ZI /nologo /W3 /WX- /Od /Oy- /D _MBCS /Gm /EHsc /RTC1 /MDd /GS /fp:precise /Zc:wchar_t /Zc:forScope /Fo"Debug\\" /Fd"Debug\vc100.pdb" /Gd /TC /analyze- /errorReport:prompt "p-code.c"
         p-code.c
     1>f:\buaa\编译\c0_compiler\c0_compiler\p-code.c(22): warning C4996: 'strcpy': This function or variable may be unsafe. Consider using strcpy_s instead. To disable deprecation, use _CRT_SECURE_NO_WARNINGS. See online help for details.
                 c:\program files (x86)\microsoft visual studio 10.0\vc\include\string.h(105) : 参见“strcpy”的声明
     1>f:\buaa\编译\c0_compiler\c0_compiler\p-code.c(23): warning C4996: 'strcpy': This function or variable may be unsafe. Consider using strcpy_s instead. To disable deprecation, use _CRT_SECURE_NO_WARNINGS. See online help for details.
                 c:\program files (x86)\microsoft visual studio 10.0\vc\include\string.h(105) : 参见“strcpy”的声明
     1>f:\buaa\编译\c0_compiler\c0_compiler\p-code.c(24): warning C4996: 'strcpy': This function or variable may be unsafe. Consider using strcpy_s instead. To disable deprecation, use _CRT_SECURE_NO_WARNINGS. See online help for details.
                 c:\program files (x86)\microsoft visual studio 10.0\vc\include\string.h(105) : 参见“strcpy”的声明
     1>f:\buaa\编译\c0_compiler\c0_compiler\p-code.c(223): warning C4996: 'strcpy': This function or variable may be unsafe. Consider using strcpy_s instead. To disable deprecation, use _CRT_SECURE_NO_WARNINGS. See online help for details.
                 c:\program files (x86)\microsoft visual studio 10.0\vc\include\string.h(105) : 参见“strcpy”的声明
     1>f:\buaa\编译\c0_compiler\c0_compiler\p-code.c(330): warning C4018: “<”: 有符号/无符号不匹配
     1>f:\buaa\编译\c0_compiler\c0_compiler\p-code.c(339): warning C4018: “<”: 有符号/无符号不匹配
     1>f:\buaa\编译\c0_compiler\c0_compiler\p-code.c(353): warning C4047: “函数”:“char”与“char [128]”的间接级别不同
     1>f:\buaa\编译\c0_compiler\c0_compiler\p-code.c(353): warning C4024: “ov”: 形参和实参 1 的类型不同
     1>f:\buaa\编译\c0_compiler\c0_compiler\p-code.c(355): warning C4996: 'strcpy': This function or variable may be unsafe. Consider using strcpy_s instead. To disable deprecation, use _CRT_SECURE_NO_WARNINGS. See online help for details.
                 c:\program files (x86)\microsoft visual studio 10.0\vc\include\string.h(105) : 参见“strcpy”的声明
     1>f:\buaa\编译\c0_compiler\c0_compiler\p-code.c(364): warning C4996: 'strcpy': This function or variable may be unsafe. Consider using strcpy_s instead. To disable deprecation, use _CRT_SECURE_NO_WARNINGS. See online help for details.
                 c:\program files (x86)\microsoft visual studio 10.0\vc\include\string.h(105) : 参见“strcpy”的声明
     1>f:\buaa\编译\c0_compiler\c0_compiler\p-code.c(366): warning C4047: “函数”:“char”与“char [128]”的间接级别不同
     1>f:\buaa\编译\c0_compiler\c0_compiler\p-code.c(366): warning C4024: “ov”: 形参和实参 1 的类型不同
     1>f:\buaa\编译\c0_compiler\c0_compiler\p-code.c(366): warning C4047: “函数”:“char”与“char [3]”的间接级别不同
     1>f:\buaa\编译\c0_compiler\c0_compiler\p-code.c(366): warning C4024: “ov”: 形参和实参 1 的类型不同
     1>f:\buaa\编译\c0_compiler\c0_compiler\p-code.c(372): warning C4047: “函数”:“char”与“char [3]”的间接级别不同
     1>f:\buaa\编译\c0_compiler\c0_compiler\p-code.c(372): warning C4024: “ov”: 形参和实参 1 的类型不同
     1>f:\buaa\编译\c0_compiler\c0_compiler\p-code.c(372): warning C4047: “函数”:“char”与“char [128]”的间接级别不同
     1>f:\buaa\编译\c0_compiler\c0_compiler\p-code.c(372): warning C4024: “ov”: 形参和实参 1 的类型不同
     1>f:\buaa\编译\c0_compiler\c0_compiler\p-code.c(373): warning C4996: 'strcpy': This function or variable may be unsafe. Consider using strcpy_s instead. To disable deprecation, use _CRT_SECURE_NO_WARNINGS. See online help for details.
                 c:\program files (x86)\microsoft visual studio 10.0\vc\include\string.h(105) : 参见“strcpy”的声明
     1>f:\buaa\编译\c0_compiler\c0_compiler\p-code.c(376): warning C4047: “函数”:“char”与“char [3]”的间接级别不同
     1>f:\buaa\编译\c0_compiler\c0_compiler\p-code.c(376): warning C4024: “ov”: 形参和实参 1 的类型不同
     1>f:\buaa\编译\c0_compiler\c0_compiler\p-code.c(376): warning C4047: “函数”:“char”与“char [128]”的间接级别不同
     1>f:\buaa\编译\c0_compiler\c0_compiler\p-code.c(376): warning C4024: “ov”: 形参和实参 1 的类型不同
     1>f:\buaa\编译\c0_compiler\c0_compiler\p-code.c(379): warning C4996: 'strcpy': This function or variable may be unsafe. Consider using strcpy_s instead. To disable deprecation, use _CRT_SECURE_NO_WARNINGS. See online help for details.
                 c:\program files (x86)\microsoft visual studio 10.0\vc\include\string.h(105) : 参见“strcpy”的声明
     1>f:\buaa\编译\c0_compiler\c0_compiler\p-code.c(394): warning C4996: 'strcpy': This function or variable may be unsafe. Consider using strcpy_s instead. To disable deprecation, use _CRT_SECURE_NO_WARNINGS. See online help for details.
                 c:\program files (x86)\microsoft visual studio 10.0\vc\include\string.h(105) : 参见“strcpy”的声明
     1>f:\buaa\编译\c0_compiler\c0_compiler\p-code.c(423): warning C4028: 形参 1 与声明不同
     1>f:\buaa\编译\c0_compiler\c0_compiler\p-code.c(440): warning C4996: 'strcpy': This function or variable may be unsafe. Consider using strcpy_s instead. To disable deprecation, use _CRT_SECURE_NO_WARNINGS. See online help for details.
                 c:\program files (x86)\microsoft visual studio 10.0\vc\include\string.h(105) : 参见“strcpy”的声明
     1>f:\buaa\编译\c0_compiler\c0_compiler\p-code.c(449): warning C4996: 'strcpy': This function or variable may be unsafe. Consider using strcpy_s instead. To disable deprecation, use _CRT_SECURE_NO_WARNINGS. See online help for details.
                 c:\program files (x86)\microsoft visual studio 10.0\vc\include\string.h(105) : 参见“strcpy”的声明
     1>f:\buaa\编译\c0_compiler\c0_compiler\p-code.c(458): warning C4996: 'strcpy': This function or variable may be unsafe. Consider using strcpy_s instead. To disable deprecation, use _CRT_SECURE_NO_WARNINGS. See online help for details.
                 c:\program files (x86)\microsoft visual studio 10.0\vc\include\string.h(105) : 参见“strcpy”的声明
     1>f:\buaa\编译\c0_compiler\c0_compiler\p-code.c(465): warning C4996: 'strcpy': This function or variable may be unsafe. Consider using strcpy_s instead. To disable deprecation, use _CRT_SECURE_NO_WARNINGS. See online help for details.
                 c:\program files (x86)\microsoft visual studio 10.0\vc\include\string.h(105) : 参见“strcpy”的声明
     1>f:\buaa\编译\c0_compiler\c0_compiler\p-code.c(482): warning C4996: 'strcpy': This function or variable may be unsafe. Consider using strcpy_s instead. To disable deprecation, use _CRT_SECURE_NO_WARNINGS. See online help for details.
                 c:\program files (x86)\microsoft visual studio 10.0\vc\include\string.h(105) : 参见“strcpy”的声明
     1>f:\buaa\编译\c0_compiler\c0_compiler\p-code.c(485): warning C4996: 'strcat': This function or variable may be unsafe. Consider using strcat_s instead. To disable deprecation, use _CRT_SECURE_NO_WARNINGS. See online help for details.
                 c:\program files (x86)\microsoft visual studio 10.0\vc\include\string.h(110) : 参见“strcat”的声明
     1>f:\buaa\编译\c0_compiler\c0_compiler\p-code.c(485): warning C4996: 'itoa': The POSIX name for this item is deprecated. Instead, use the ISO C++ conformant name: _itoa. See online help for details.
                 c:\program files (x86)\microsoft visual studio 10.0\vc\include\stdlib.h(867) : 参见“itoa”的声明
     1>f:\buaa\编译\c0_compiler\c0_compiler\p-code.c(488): warning C4996: 'strcpy': This function or variable may be unsafe. Consider using strcpy_s instead. To disable deprecation, use _CRT_SECURE_NO_WARNINGS. See online help for details.
                 c:\program files (x86)\microsoft visual studio 10.0\vc\include\string.h(105) : 参见“strcpy”的声明
     1>f:\buaa\编译\c0_compiler\c0_compiler\p-code.c(493): warning C4996: 'strcpy': This function or variable may be unsafe. Consider using strcpy_s instead. To disable deprecation, use _CRT_SECURE_NO_WARNINGS. See online help for details.
                 c:\program files (x86)\microsoft visual studio 10.0\vc\include\string.h(105) : 参见“strcpy”的声明
     1>f:\buaa\编译\c0_compiler\c0_compiler\p-code.c(498): warning C4996: 'strcpy': This function or variable may be unsafe. Consider using strcpy_s instead. To disable deprecation, use _CRT_SECURE_NO_WARNINGS. See online help for details.
                 c:\program files (x86)\microsoft visual studio 10.0\vc\include\string.h(105) : 参见“strcpy”的声明
     1>f:\buaa\编译\c0_compiler\c0_compiler\p-code.c(503): warning C4996: 'strcpy': This function or variable may be unsafe. Consider using strcpy_s instead. To disable deprecation, use _CRT_SECURE_NO_WARNINGS. See online help for details.
                 c:\program files (x86)\microsoft visual studio 10.0\vc\include\string.h(105) : 参见“strcpy”的声明
     1>f:\buaa\编译\c0_compiler\c0_compiler\p-code.c(532): warning C4018: “<”: 有符号/无符号不匹配
       Link:
         C:\Program Files (x86)\Microsoft Visual Studio 10.0\VC\bin\link.exe /ERRORREPORT:PROMPT /OUT:"F:\buaa\编译\c0_compiler\Debug\c0_compiler.exe" /NOLOGO kernel32.lib user32.lib gdi32.lib winspool.lib comdlg32.lib advapi32.lib shell32.lib ole32.lib oleaut32.lib uuid.lib odbc32.lib odbccp32.lib /MANIFEST /ManifestFile:"Debug\c0_compiler.exe.intermediate.manifest" /MANIFESTUAC:"level='asInvoker' uiAccess='false'" /DEBUG /PDB:"F:\buaa\编译\c0_compiler\Debug\c0_compiler.pdb" /SUBSYSTEM:CONSOLE /TLBID:1 /DYNAMICBASE /NXCOMPAT /IMPLIB:"F:\buaa\编译\c0_compiler\Debug\c0_compiler.lib" /MACHINE:X86 Debug\error.obj
         Debug\grammer.obj
         Debug\lexical.obj
         Debug\main.obj
         "Debug\p-code.obj"
         Debug\table.obj
         LINK : 没有找到 F:\buaa\编译\c0_compiler\Debug\c0_compiler.exe 或上一个增量链接没有生成它；正在执行完全链接
         c0_compiler.vcxproj -> F:\buaa\编译\c0_compiler\Debug\c0_compiler.exe
       Manifest:
         C:\Program Files (x86)\Microsoft SDKs\Windows\v7.0A\bin\mt.exe /nologo /verbose /outputresource:"F:\buaa\编译\c0_compiler\Debug\c0_compiler.exe;#1" /manifest Debug\c0_compiler.exe.intermediate.manifest
       FinalizeBuildStatus:
         正在删除文件“Debug\c0_compiler.unsuccessfulbuild”。
         正在对“Debug\c0_compiler.lastbuildstate”执行 Touch 任务。
     1>已完成生成项目“F:\buaa\编译\c0_compiler\c0_compiler\c0_compiler.vcxproj”(build 个目标)的操作。

生成成功。

已用时间 00:00:01.49
